0 info it worked if it ends with ok
1 verbose cli [ '/Users/emadurandal/.nodebrew/node/v6.1.0/bin/node',
1 verbose cli   '/Users/emadurandal/.nodebrew/current/bin/npm',
1 verbose cli   'run',
1 verbose cli   'build' ]
2 info using npm@3.8.6
3 info using node@v6.1.0
4 verbose run-script [ 'prebuild', 'build', 'postbuild' ]
5 info lifecycle glboost_gh_pages@1.0.0~prebuild: glboost_gh_pages@1.0.0
6 silly lifecycle glboost_gh_pages@1.0.0~prebuild: no script for prebuild, continuing
7 info lifecycle glboost_gh_pages@1.0.0~build: glboost_gh_pages@1.0.0
8 verbose lifecycle glboost_gh_pages@1.0.0~build: unsafe-perm in lifecycle true
9 verbose lifecycle glboost_gh_pages@1.0.0~build: PATH: /Users/emadurandal/.nodebrew/node/v6.1.0/lib/node_modules/npm/bin/node-gyp-bin:/Users/emadurandal/ESDocs/Programs/WebGL/GLBoost/glboost_gh_pages/node_modules/.bin:/Users/emadurandal/.nodebrew/node/v6.1.0/bin:/Applications/Selenium:/Users/emadurandal/.pyenv/shims:/Users/emadurandal/.pyenv/bin:/Users/emadurandal/.nodebrew/current/bin:/Users/emadurandal/Library/Android/sdk/platform-tools:/Users/emadurandal/Library/Android/sdk/ndk-bundle:/usr/local/heroku/bin:/Users/emadurandal/.rbenv/shims:/Users/emadurandal/.rbenv/bin:/usr/local/opt/php55/bin:/usr/local/sbin:/usr/local/bin:/usr/local/bin:/usr/bin:/bin:/usr/sbin:/sbin:/opt/X11/bin:/Applications/gsutil
10 verbose lifecycle glboost_gh_pages@1.0.0~build: CWD: /Users/emadurandal/ESDocs/Programs/WebGL/GLBoost/glboost_gh_pages
11 silly lifecycle glboost_gh_pages@1.0.0~build: Args: [ '-c', 'node node_modules/.bin/metalsmith' ]
12 silly lifecycle glboost_gh_pages@1.0.0~build: Returned: code: 1  signal: null
13 info lifecycle glboost_gh_pages@1.0.0~build: Failed to exec build script
14 verbose stack Error: glboost_gh_pages@1.0.0 build: `node node_modules/.bin/metalsmith`
14 verbose stack Exit status 1
14 verbose stack     at EventEmitter.<anonymous> (/Users/emadurandal/.nodebrew/node/v6.1.0/lib/node_modules/npm/lib/utils/lifecycle.js:239:16)
14 verbose stack     at emitTwo (events.js:106:13)
14 verbose stack     at EventEmitter.emit (events.js:191:7)
14 verbose stack     at ChildProcess.<anonymous> (/Users/emadurandal/.nodebrew/node/v6.1.0/lib/node_modules/npm/lib/utils/spawn.js:24:14)
14 verbose stack     at emitTwo (events.js:106:13)
14 verbose stack     at ChildProcess.emit (events.js:191:7)
14 verbose stack     at maybeClose (internal/child_process.js:850:16)
14 verbose stack     at Process.ChildProcess._handle.onexit (internal/child_process.js:215:5)
15 verbose pkgid glboost_gh_pages@1.0.0
16 verbose cwd /Users/emadurandal/ESDocs/Programs/WebGL/GLBoost/glboost_gh_pages
17 error Darwin 15.5.0
18 error argv "/Users/emadurandal/.nodebrew/node/v6.1.0/bin/node" "/Users/emadurandal/.nodebrew/current/bin/npm" "run" "build"
19 error node v6.1.0
20 error npm  v3.8.6
21 error code ELIFECYCLE
22 error glboost_gh_pages@1.0.0 build: `node node_modules/.bin/metalsmith`
22 error Exit status 1
23 error Failed at the glboost_gh_pages@1.0.0 build script 'node node_modules/.bin/metalsmith'.
23 error Make sure you have the latest version of node.js and npm installed.
23 error If you do, this is most likely a problem with the glboost_gh_pages package,
23 error not with npm itself.
23 error Tell the author that this fails on your system:
23 error     node node_modules/.bin/metalsmith
23 error You can get information on how to open an issue for this project with:
23 error     npm bugs glboost_gh_pages
23 error Or if that isn't available, you can get their info via:
23 error     npm owner ls glboost_gh_pages
23 error There is likely additional logging output above.
24 verbose exit [ 1, true ]
